Determining if the pthread_create exist failed with the following output:
Change Dir: /home/gmestre/Desktop/Homomorphic-Vote-Tally/Admin/CMakeFiles/CMakeTmp

Run Build Command:"/usr/bin/make" "cmTC_977f5/fast"
/usr/bin/make -f CMakeFiles/cmTC_977f5.dir/build.make CMakeFiles/cmTC_977f5.dir/build
make[1]: Entering directory '/home/gmestre/Desktop/Homomorphic-Vote-Tally/Admin/CMakeFiles/CMakeTmp'
Building C object CMakeFiles/cmTC_977f5.dir/CheckSymbolExists.c.o
/usr/bin/cc    -o CMakeFiles/cmTC_977f5.dir/CheckSymbolExists.c.o   -c /home/gmestre/Desktop/Homomorphic-Vote-Tally/Admin/CMakeFiles/CMakeTmp/CheckSymbolExists.c
Linking C executable cmTC_977f5
/usr/local/bin/cmake -E cmake_link_script CMakeFiles/cmTC_977f5.dir/link.txt --verbose=1
/usr/bin/cc      CMakeFiles/cmTC_977f5.dir/CheckSymbolExists.c.o  -o cmTC_977f5 
CMakeFiles/cmTC_977f5.dir/CheckSymbolExists.c.o: In function `main':
CheckSymbolExists.c:(.text+0x1b): undefined reference to `pthread_create'
collect2: error: ld returned 1 exit status
CMakeFiles/cmTC_977f5.dir/build.make:86: recipe for target 'cmTC_977f5' failed
make[1]: *** [cmTC_977f5] Error 1
make[1]: Leaving directory '/home/gmestre/Desktop/Homomorphic-Vote-Tally/Admin/CMakeFiles/CMakeTmp'
Makefile:121: recipe for target 'cmTC_977f5/fast' failed
make: *** [cmTC_977f5/fast] Error 2

File /home/gmestre/Desktop/Homomorphic-Vote-Tally/Admin/CMakeFiles/CMakeTmp/CheckSymbolExists.c:
/* */
#include <pthread.h>

int main(int argc, char** argv)
{
  (void)argv;
#ifndef pthread_create
  return ((int*)(&pthread_create))[argc];
#else
  (void)argc;
  return 0;
#endif
}

